[uid]
job = 41

[job31]
status = completed
loop = 1
total = 1
label = ('move_rel', 10.0mm, -10.0mm)
start_time = 1726159994.6865053
duration = 0.0010790824890136719
device = Grbl-Diode
important = False
estimate = 0
steps_done = 1
steps_total = 1

[job32]
status = completed
loop = 1
total = 1
label = ('move_rel', 10.0mm, -10.0mm)
start_time = 1726159996.0099905
duration = 0.0008761882781982422
device = Grbl-Diode
important = False
estimate = 0
steps_done = 1
steps_total = 1

[job33]
status = completed
loop = 1
total = 1
label = ('move_rel', 10.0mm, -10.0mm)
start_time = 1726159998.6121566
duration = 0.0008146762847900391
device = Grbl-Diode
important = False
estimate = 0
steps_done = 1
steps_total = 1

[job34]
status = completed
loop = 1
total = 1
label = ('move_rel', 10.0mm, 0.0mm)
start_time = 1726160005.7574391
duration = 0.0008606910705566406
device = Grbl-Diode
important = False
estimate = 0
steps_done = 1
steps_total = 1

[job35]
status = completed
loop = 1
total = 1
label = ('move_rel', 10.0mm, 0.0mm)
start_time = 1726160006.3582616
duration = 0.0008823871612548828
device = Grbl-Diode
important = False
estimate = 0
steps_done = 1
steps_total = 1

[job36]
status = completed
loop = 1
total = 1
label = ('move_rel', 10.0mm, 0.0mm)
start_time = 1726160006.5044112
duration = 0.0008795261383056641
device = Grbl-Diode
important = False
estimate = 0
steps_done = 1
steps_total = 1

[job37]
status = completed
loop = 1
total = 1
label = ('move_rel', 10.0mm, 0.0mm)
start_time = 1726160006.5090096
duration = 0.0008950233459472656
device = Grbl-Diode
important = False
estimate = 0
steps_done = 1
steps_total = 1

[job38]
status = completed
loop = 1
total = 1
label = ('move_rel', 10.0mm, 0.0mm)
start_time = 1726160006.664673
duration = 0.0008640289306640625
device = Grbl-Diode
important = False
estimate = 0
steps_done = 1
steps_total = 1

[job39]
status = completed
loop = 1
total = 1
label = ('move_rel', 10.0mm, 0.0mm)
start_time = 1726160006.8041332
duration = 0.0008823871612548828
device = Grbl-Diode
important = False
estimate = 0
steps_done = 1
steps_total = 1

[job40]
status = completed
loop = 1
total = 1
label = ('move_rel', 10.0mm, 0.0mm)
start_time = 1726160006.9836376
duration = 0.0008535385131835938
device = Grbl-Diode
important = False
estimate = 0
steps_done = 1
steps_total = 1

[job41]
status = completed
loop = 1
total = 1
label = ('move_abs', 235.0mm, 450.0mm)
start_time = 1726160054.1419392
duration = 0.0018215179443359375
device = Grbl-Diode
important = False
estimate = 0
steps_done = 1
steps_total = 1

